# JRE version: OpenJDK Runtime Environment (8.0_242-b01) (build 1.8.0_242-release-1644-b01)
# Java VM: OpenJDK 64-Bit Server VM (25.242-b01 mixed mode windows-amd64 compressed oops)
Heap:
 PSYoungGen      total 115200K, used 39842K [0x00000000d5580000, 0x00000000dd480000, 0x0000000100000000)
  eden space 101376K, 29% used [0x00000000d5580000,0x00000000d7291810,0x00000000db880000)
  from space 13824K, 72% used [0x00000000db880000,0x00000000dc257028,0x00000000dc600000)
  to   space 11264K, 0% used [0x00000000dc600000,0x00000000dc600000,0x00000000dd100000)
 ParOldGen       total 87552K, used 53306K [0x0000000080000000, 0x0000000085580000, 0x00000000d5580000)
  object space 87552K, 60% used [0x0000000080000000,0x000000008340e9d8,0x0000000085580000)
 Metaspace       used 78232K, capacity 82302K, committed 82392K, reserved 1120256K
  class space    used 10681K, capacity 11457K, committed 11480K, reserved 1048576K
GC Heap History (10 events):
Event: 171.560 GC heap before
{Heap before GC invocations=26 (full 3):
 PSYoungGen      total 86528K, used 76288K [0x00000000d5580000, 0x00000000db580000, 0x0000000100000000)
  eden space 76288K, 100% used [0x00000000d5580000,0x00000000da000000,0x00000000da000000)
  from space 10240K, 0% used [0x00000000daa00000,0x00000000daa00000,0x00000000db400000)
  to   space 10240K, 0% used [0x00000000da000000,0x00000000da000000,0x00000000daa00000)
 ParOldGen       total 87552K, used 32855K [0x0000000080000000, 0x0000000085580000, 0x00000000d5580000)
  object space 87552K, 37% used [0x0000000080000000,0x0000000082015f18,0x0000000085580000)
 Metaspace       used 60876K, capacity 63522K, committed 63704K, reserved 1103872K
  class space    used 8296K, capacity 8821K, committed 8920K, reserved 1048576K
Event: 171.585 GC heap after
Heap after GC invocations=26 (full 3):
 PSYoungGen      total 86528K, used 8256K [0x00000000d5580000, 0x00000000dc700000, 0x0000000100000000)
  eden space 76288K, 0% used [0x00000000d5580000,0x00000000d5580000,0x00000000da000000)
  from space 10240K, 80% used [0x00000000da000000,0x00000000da8103f0,0x00000000daa00000)
  to   space 11264K, 0% used [0x00000000dbc00000,0x00000000dbc00000,0x00000000dc700000)
 ParOldGen       total 87552K, used 32863K [0x0000000080000000, 0x0000000085580000, 0x00000000d5580000)
  object space 87552K, 37% used [0x0000000080000000,0x0000000082017f18,0x0000000085580000)
 Metaspace       used 60876K, capacity 63522K, committed 63704K, reserved 1103872K
  class space    used 8296K, capacity 8821K, committed 8920K, reserved 1048576K
}
Event: 189.573 GC heap before
{Heap before GC invocations=27 (full 3):
 PSYoungGen      total 86528K, used 84544K [0x00000000d5580000, 0x00000000dc700000, 0x0000000100000000)
  eden space 76288K, 100% used [0x00000000d5580000,0x00000000da000000,0x00000000da000000)
  from space 10240K, 80% used [0x00000000da000000,0x00000000da8103f0,0x00000000daa00000)
  to   space 11264K, 0% used [0x00000000dbc00000,0x00000000dbc00000,0x00000000dc700000)
 ParOldGen       total 87552K, used 32863K [0x0000000080000000, 0x0000000085580000, 0x00000000d5580000)
  object space 87552K, 37% used [0x0000000080000000,0x0000000082017f18,0x0000000085580000)
 Metaspace       used 65008K, capacity 67896K, committed 68184K, reserved 1107968K
  class space    used 8885K, capacity 9485K, committed 9560K, reserved 1048576K
Event: 189.600 GC heap after
Heap after GC invocations=27 (full 3):
 PSYoungGen      total 99840K, used 6110K [0x00000000d5580000, 0x00000000dc400000, 0x0000000100000000)
  eden space 91648K, 0% used [0x00000000d5580000,0x00000000d5580000,0x00000000daf00000)
  from space 8192K, 74% used [0x00000000dbc00000,0x00000000dc1f7b88,0x00000000dc400000)
  to   space 10752K, 0% used [0x00000000daf00000,0x00000000daf00000,0x00000000db980000)
 ParOldGen       total 87552K, used 37423K [0x0000000080000000, 0x0000000085580000, 0x00000000d5580000)
  object space 87552K, 42% used [0x0000000080000000,0x000000008248bf98,0x0000000085580000)
 Metaspace       used 65008K, capacity 67896K, committed 68184K, reserved 1107968K
  class space    used 8885K, capacity 9485K, committed 9560K, reserved 1048576K
}
Event: 211.372 GC heap before
{Heap before GC invocations=28 (full 3):
 PSYoungGen      total 99840K, used 97758K [0x00000000d5580000, 0x00000000dc400000, 0x0000000100000000)
  eden space 91648K, 100% used [0x00000000d5580000,0x00000000daf00000,0x00000000daf00000)
  from space 8192K, 74% used [0x00000000dbc00000,0x00000000dc1f7b88,0x00000000dc400000)
  to   space 10752K, 0% used [0x00000000daf00000,0x00000000daf00000,0x00000000db980000)
 ParOldGen       total 87552K, used 37423K [0x0000000080000000, 0x0000000085580000, 0x00000000d5580000)
  object space 87552K, 42% used [0x0000000080000000,0x000000008248bf98,0x0000000085580000)
 Metaspace       used 69170K, capacity 72354K, committed 72664K, reserved 1112064K
  class space    used 9482K, capacity 10129K, committed 10200K, reserved 1048576K
Event: 211.419 GC heap after
Heap after GC invocations=28 (full 3):
 PSYoungGen      total 102400K, used 8095K [0x00000000d5580000, 0x00000000dd100000, 0x0000000100000000)
  eden space 91648K, 0% used [0x00000000d5580000,0x00000000d5580000,0x00000000daf00000)
  from space 10752K, 75% used [0x00000000daf00000,0x00000000db6e7fc8,0x00000000db980000)
  to   space 11264K, 0% used [0x00000000dc600000,0x00000000dc600000,0x00000000dd100000)
 ParOldGen       total 87552K, used 41133K [0x0000000080000000, 0x0000000085580000, 0x00000000d5580000)
  object space 87552K, 46% used [0x0000000080000000,0x000000008282b5d8,0x0000000085580000)
 Metaspace       used 69170K, capacity 72354K, committed 72664K, reserved 1112064K
  class space    used 9482K, capacity 10129K, committed 10200K, reserved 1048576K
}
Event: 246.791 GC heap before
{Heap before GC invocations=29 (full 3):
 PSYoungGen      total 102400K, used 99743K [0x00000000d5580000, 0x00000000dd100000, 0x0000000100000000)
  eden space 91648K, 100% used [0x00000000d5580000,0x00000000daf00000,0x00000000daf00000)
  from space 10752K, 75% used [0x00000000daf00000,0x00000000db6e7fc8,0x00000000db980000)
  to   space 11264K, 0% used [0x00000000dc600000,0x00000000dc600000,0x00000000dd100000)
 ParOldGen       total 87552K, used 41133K [0x0000000080000000, 0x0000000085580000, 0x00000000d5580000)
  object space 87552K, 46% used [0x0000000080000000,0x000000008282b5d8,0x0000000085580000)
 Metaspace       used 73406K, capacity 77164K, committed 77528K, reserved 1116160K
  class space    used 10092K, capacity 10854K, committed 10968K, reserved 1048576K
Event: 246.829 GC heap after
Heap after GC invocations=29 (full 3):
 PSYoungGen      total 112640K, used 11241K [0x00000000d5580000, 0x00000000dd480000, 0x0000000100000000)
  eden space 101376K, 0% used [0x00000000d5580000,0x00000000d5580000,0x00000000db880000)
  from space 11264K, 99% used [0x00000000dc600000,0x00000000dd0fa6b8,0x00000000dd100000)
  to   space 13824K, 0% used [0x00000000db880000,0x00000000db880000,0x00000000dc600000)
 ParOldGen       total 87552K, used 43409K [0x0000000080000000, 0x0000000085580000, 0x00000000d5580000)
  object space 87552K, 49% used [0x0000000080000000,0x0000000082a645d8,0x0000000085580000)
 Metaspace       used 73406K, capacity 77164K, committed 77528K, reserved 1116160K
  class space    used 10092K, capacity 10854K, committed 10968K, reserved 1048576K
}
Event: 269.727 GC heap before
{Heap before GC invocations=30 (full 3):
 PSYoungGen      total 112640K, used 112617K [0x00000000d5580000, 0x00000000dd480000, 0x0000000100000000)
  eden space 101376K, 100% used [0x00000000d5580000,0x00000000db880000,0x00000000db880000)
  from space 11264K, 99% used [0x00000000dc600000,0x00000000dd0fa6b8,0x00000000dd100000)
  to   space 13824K, 0% used [0x00000000db880000,0x00000000db880000,0x00000000dc600000)
 ParOldGen       total 87552K, used 43409K [0x0000000080000000, 0x0000000085580000, 0x00000000d5580000)
  object space 87552K, 49% used [0x0000000080000000,0x0000000082a645d8,0x0000000085580000)
 Metaspace       used 77777K, capacity 81520K, committed 81752K, reserved 1120256K
  class space    used 10622K, capacity 11348K, committed 11352K, reserved 1048576K
Event: 269.759 GC heap after
Heap after GC invocations=30 (full 3):
 PSYoungGen      total 115200K, used 10076K [0x00000000d5580000, 0x00000000dd480000, 0x0000000100000000)
  eden space 101376K, 0% used [0x00000000d5580000,0x00000000d5580000,0x00000000db880000)
  from space 13824K, 72% used [0x00000000db880000,0x00000000dc257028,0x00000000dc600000)
  to   space 11264K, 0% used [0x00000000dc600000,0x00000000dc600000,0x00000000dd100000)
 ParOldGen       total 87552K, used 53306K [0x0000000080000000, 0x0000000085580000, 0x00000000d5580000)
  object space 87552K, 60% used [0x0000000080000000,0x000000008340e9d8,0x0000000085580000)
 Metaspace       used 77777K, capacity 81520K, committed 81752K, reserved 1120256K
  class space    used 10622K, capacity 11348K, committed 11352K, reserved 1048576K
}

