# JRE version: OpenJDK Runtime Environment (8.0_242-b01) (build 1.8.0_242-release-1644-b01)
# Java VM: OpenJDK 64-Bit Server VM (25.242-b01 mixed mode windows-amd64 compressed oops)
Heap:
 PSYoungGen      total 52736K, used 43150K [0x00000000d5580000, 0x00000000d8c80000, 0x0000000100000000)
  eden space 49152K, 80% used [0x00000000d5580000,0x00000000d7c23ad0,0x00000000d8580000)
  from space 3584K, 100% used [0x00000000d8580000,0x00000000d8900000,0x00000000d8900000)
  to   space 3584K, 0% used [0x00000000d8900000,0x00000000d8900000,0x00000000d8c80000)
 ParOldGen       total 64512K, used 2642K [0x0000000080000000, 0x0000000083f00000, 0x00000000d5580000)
  object space 64512K, 4% used [0x0000000080000000,0x00000000802949f0,0x0000000083f00000)
 Metaspace       used 15497K, capacity 16050K, committed 16384K, reserved 1062912K
  class space    used 2042K, capacity 2203K, committed 2304K, reserved 1048576K
GC Heap History (6 events):
Event: 2.749 GC heap before
{Heap before GC invocations=1 (full 0):
 PSYoungGen      total 28160K, used 24576K [0x00000000d5580000, 0x00000000d7480000, 0x0000000100000000)
  eden space 24576K, 100% used [0x00000000d5580000,0x00000000d6d80000,0x00000000d6d80000)
  from space 3584K, 0% used [0x00000000d7100000,0x00000000d7100000,0x00000000d7480000)
  to   space 3584K, 0% used [0x00000000d6d80000,0x00000000d6d80000,0x00000000d7100000)
 ParOldGen       total 64512K, used 0K [0x0000000080000000, 0x0000000083f00000, 0x00000000d5580000)
  object space 64512K, 0% used [0x0000000080000000,0x0000000080000000,0x0000000083f00000)
 Metaspace       used 6937K, capacity 7236K, committed 7424K, reserved 1056768K
  class space    used 853K, capacity 944K, committed 1024K, reserved 1048576K
Event: 2.818 GC heap after
Heap after GC invocations=1 (full 0):
 PSYoungGen      total 28160K, used 3409K [0x00000000d5580000, 0x00000000d8c80000, 0x0000000100000000)
  eden space 24576K, 0% used [0x00000000d5580000,0x00000000d5580000,0x00000000d6d80000)
  from space 3584K, 95% used [0x00000000d6d80000,0x00000000d70d4470,0x00000000d7100000)
  to   space 3584K, 0% used [0x00000000d8900000,0x00000000d8900000,0x00000000d8c80000)
 ParOldGen       total 64512K, used 8K [0x0000000080000000, 0x0000000083f00000, 0x00000000d5580000)
  object space 64512K, 0% used [0x0000000080000000,0x0000000080002000,0x0000000083f00000)
 Metaspace       used 6937K, capacity 7236K, committed 7424K, reserved 1056768K
  class space    used 853K, capacity 944K, committed 1024K, reserved 1048576K
}
Event: 3.548 GC heap before
{Heap before GC invocations=2 (full 0):
 PSYoungGen      total 28160K, used 27985K [0x00000000d5580000, 0x00000000d8c80000, 0x0000000100000000)
  eden space 24576K, 100% used [0x00000000d5580000,0x00000000d6d80000,0x00000000d6d80000)
  from space 3584K, 95% used [0x00000000d6d80000,0x00000000d70d4470,0x00000000d7100000)
  to   space 3584K, 0% used [0x00000000d8900000,0x00000000d8900000,0x00000000d8c80000)
 ParOldGen       total 64512K, used 8K [0x0000000080000000, 0x0000000083f00000, 0x00000000d5580000)
  object space 64512K, 0% used [0x0000000080000000,0x0000000080002000,0x0000000083f00000)
 Metaspace       used 7621K, capacity 7914K, committed 8064K, reserved 1056768K
  class space    used 931K, capacity 1041K, committed 1152K, reserved 1048576K
Event: 3.556 GC heap after
Heap after GC invocations=2 (full 0):
 PSYoungGen      total 52736K, used 3105K [0x00000000d5580000, 0x00000000d8c80000, 0x0000000100000000)
  eden space 49152K, 0% used [0x00000000d5580000,0x00000000d5580000,0x00000000d8580000)
  from space 3584K, 86% used [0x00000000d8900000,0x00000000d8c08438,0x00000000d8c80000)
  to   space 3584K, 0% used [0x00000000d8580000,0x00000000d8580000,0x00000000d8900000)
 ParOldGen       total 64512K, used 16K [0x0000000080000000, 0x0000000083f00000, 0x00000000d5580000)
  object space 64512K, 0% used [0x0000000080000000,0x0000000080004000,0x0000000083f00000)
 Metaspace       used 7621K, capacity 7914K, committed 8064K, reserved 1056768K
  class space    used 931K, capacity 1041K, committed 1152K, reserved 1048576K
}
Event: 9.024 GC heap before
{Heap before GC invocations=3 (full 0):
 PSYoungGen      total 52736K, used 52257K [0x00000000d5580000, 0x00000000d8c80000, 0x0000000100000000)
  eden space 49152K, 100% used [0x00000000d5580000,0x00000000d8580000,0x00000000d8580000)
  from space 3584K, 86% used [0x00000000d8900000,0x00000000d8c08438,0x00000000d8c80000)
  to   space 3584K, 0% used [0x00000000d8580000,0x00000000d8580000,0x00000000d8900000)
 ParOldGen       total 64512K, used 16K [0x0000000080000000, 0x0000000083f00000, 0x00000000d5580000)
  object space 64512K, 0% used [0x0000000080000000,0x0000000080004000,0x0000000083f00000)
 Metaspace       used 11614K, capacity 11962K, committed 12160K, reserved 1060864K
  class space    used 1538K, capacity 1645K, committed 1664K, reserved 1048576K
Event: 9.037 GC heap after
Heap after GC invocations=3 (full 0):
 PSYoungGen      total 52736K, used 3584K [0x00000000d5580000, 0x00000000d8c80000, 0x0000000100000000)
  eden space 49152K, 0% used [0x00000000d5580000,0x00000000d5580000,0x00000000d8580000)
  from space 3584K, 100% used [0x00000000d8580000,0x00000000d8900000,0x00000000d8900000)
  to   space 3584K, 0% used [0x00000000d8900000,0x00000000d8900000,0x00000000d8c80000)
 ParOldGen       total 64512K, used 2642K [0x0000000080000000, 0x0000000083f00000, 0x00000000d5580000)
  object space 64512K, 4% used [0x0000000080000000,0x00000000802949f0,0x0000000083f00000)
 Metaspace       used 11614K, capacity 11962K, committed 12160K, reserved 1060864K
  class space    used 1538K, capacity 1645K, committed 1664K, reserved 1048576K
}

